[31mERROR[0m:    [26-01-2024 23:45:48] Failed to set chroma_server_nofile to 65535: current limit exceeds maximum limit nofile soft limit will remain at 10240
[32mINFO[0m:     [26-01-2024 23:45:48] Anonymized telemetry enabled. See                     https://docs.trychroma.com/telemetry for more information.
[36mDEBUG[0m:    [26-01-2024 23:45:48] Starting component System
[36mDEBUG[0m:    [26-01-2024 23:45:48] Starting component OpenTelemetryClient
[36mDEBUG[0m:    [26-01-2024 23:45:48] Starting component SimpleAssignmentPolicy
[36mDEBUG[0m:    [26-01-2024 23:45:48] Starting component SqliteDB
[36mDEBUG[0m:    [26-01-2024 23:45:48] Starting component Posthog
[36mDEBUG[0m:    [26-01-2024 23:45:48] Starting component LocalSegmentManager
[36mDEBUG[0m:    [26-01-2024 23:45:48] Starting component SegmentAPI
[32mINFO[0m:     [26-01-2024 23:45:48] Started server process [[36m38310[0m]
[32mINFO[0m:     [26-01-2024 23:45:48] Waiting for application startup.
[32mINFO[0m:     [26-01-2024 23:45:48] Application startup complete.
[31mERROR[0m:    [26-01-2024 23:45:48] [Errno 48] error while attempting to bind on address ('::1', 8000, 0, 0): address already in use
[32mINFO[0m:     [26-01-2024 23:45:48] Waiting for application shutdown.
[32mINFO[0m:     [26-01-2024 23:45:48] Application shutdown complete.
[31mERROR[0m:    [26-01-2024 23:46:14] Failed to set chroma_server_nofile to 65535: current limit exceeds maximum limit nofile soft limit will remain at 10240
[32mINFO[0m:     [26-01-2024 23:46:14] Anonymized telemetry enabled. See                     https://docs.trychroma.com/telemetry for more information.
[36mDEBUG[0m:    [26-01-2024 23:46:14] Starting component System
[36mDEBUG[0m:    [26-01-2024 23:46:14] Starting component OpenTelemetryClient
[36mDEBUG[0m:    [26-01-2024 23:46:14] Starting component SimpleAssignmentPolicy
[36mDEBUG[0m:    [26-01-2024 23:46:14] Starting component SqliteDB
[36mDEBUG[0m:    [26-01-2024 23:46:14] Starting component Posthog
[36mDEBUG[0m:    [26-01-2024 23:46:14] Starting component LocalSegmentManager
[36mDEBUG[0m:    [26-01-2024 23:46:14] Starting component SegmentAPI
[32mINFO[0m:     [26-01-2024 23:46:14] Started server process [[36m38335[0m]
[32mINFO[0m:     [26-01-2024 23:46:14] Waiting for application startup.
[32mINFO[0m:     [26-01-2024 23:46:14] Application startup complete.
[32mINFO[0m:     [26-01-2024 23:46:14] Uvicorn running on [1mhttp://localhost:8000[0m (Press CTRL+C to quit)
